c:\ポートフォリオ作品全集\bullet★shooter\manageddxlgame\x64\debug\vc143.pdb
c:\ポートフォリオ作品全集\bullet★shooter\manageddxlgame\x64\debug\vc143.idb
c:\ポートフォリオ作品全集\bullet★shooter\manageddxlgame\x64\debug\dxlib_ext_mesh_triangle_equilateral.obj
c:\ポートフォリオ作品全集\bullet★shooter\manageddxlgame\x64\debug\dxlib_ext_mesh_torus.obj
c:\ポートフォリオ作品全集\bullet★shooter\manageddxlgame\x64\debug\dxlib_ext_mesh_static_group.obj
c:\ポートフォリオ作品全集\bullet★shooter\manageddxlgame\x64\debug\dxlib_ext_mesh_sphere.obj
c:\ポートフォリオ作品全集\bullet★shooter\manageddxlgame\x64\debug\dxlib_ext_mesh_plane.obj
c:\ポートフォリオ作品全集\bullet★shooter\manageddxlgame\x64\debug\dxlib_ext_mesh_obj.obj
c:\ポートフォリオ作品全集\bullet★shooter\manageddxlgame\x64\debug\dxlib_ext_mesh_hollow_out_disk_plane.obj
c:\ポートフォリオ作品全集\bullet★shooter\manageddxlgame\x64\debug\dxlib_ext_mesh_half_barrel.obj
c:\ポートフォリオ作品全集\bullet★shooter\manageddxlgame\x64\debug\dxlib_ext_mesh_from_height_map.obj
c:\ポートフォリオ作品全集\bullet★shooter\manageddxlgame\x64\debug\dxlib_ext_mesh_dome.obj
c:\ポートフォリオ作品全集\bullet★shooter\manageddxlgame\x64\debug\dxlib_ext_mesh_disk_ring.obj
c:\ポートフォリオ作品全集\bullet★shooter\manageddxlgame\x64\debug\dxlib_ext_mesh_disk.obj
c:\ポートフォリオ作品全集\bullet★shooter\manageddxlgame\x64\debug\dxlib_ext_mesh_cylinder.obj
c:\ポートフォリオ作品全集\bullet★shooter\manageddxlgame\x64\debug\dxlib_ext_mesh_cube.obj
c:\ポートフォリオ作品全集\bullet★shooter\manageddxlgame\x64\debug\dxlib_ext_mesh_cone_cylinder.obj
c:\ポートフォリオ作品全集\bullet★shooter\manageddxlgame\x64\debug\dxlib_ext_mesh_cone.obj
c:\ポートフォリオ作品全集\bullet★shooter\manageddxlgame\x64\debug\dxlib_ext_mesh_box.obj
c:\ポートフォリオ作品全集\bullet★shooter\manageddxlgame\x64\debug\dxlib_ext_mesh_barrel.obj
c:\ポートフォリオ作品全集\bullet★shooter\manageddxlgame\x64\debug\objloader.obj
c:\ポートフォリオ作品全集\bullet★shooter\manageddxlgame\x64\debug\manageddxlgame.obj
c:\ポートフォリオ作品全集\bullet★shooter\manageddxlgame\x64\debug\enemymanager.obj
c:\ポートフォリオ作品全集\bullet★shooter\manageddxlgame\x64\debug\csvloader.obj
c:\ポートフォリオ作品全集\bullet★shooter\manageddxlgame\x64\debug\dxlib_ext_mesh_mtrl_gui_controller.obj
c:\ポートフォリオ作品全集\bullet★shooter\manageddxlgame\x64\debug\dxlib_ext_mesh_base.obj
c:\ポートフォリオ作品全集\bullet★shooter\manageddxlgame\x64\debug\dxlib_ext_mesh.obj
c:\ポートフォリオ作品全集\bullet★shooter\manageddxlgame\x64\debug\dxlib_ext_inst_mesh.obj
c:\ポートフォリオ作品全集\bullet★shooter\manageddxlgame\x64\debug\dxlib_ext_gui_menu_selector.obj
c:\ポートフォリオ作品全集\bullet★shooter\manageddxlgame\x64\debug\dxlib_ext_gui_input_box.obj
c:\ポートフォリオ作品全集\bullet★shooter\manageddxlgame\x64\debug\dxlib_ext_gui_drag_box.obj
c:\ポートフォリオ作品全集\bullet★shooter\manageddxlgame\x64\debug\dxlib_ext_gui_check_box.obj
c:\ポートフォリオ作品全集\bullet★shooter\manageddxlgame\x64\debug\dxlib_ext_shadow_map.obj
c:\ポートフォリオ作品全集\bullet★shooter\manageddxlgame\x64\debug\dxlib_ext_screen_effect.obj
c:\ポートフォリオ作品全集\bullet★shooter\manageddxlgame\x64\debug\dxlib_ext_particle_sub.obj
c:\ポートフォリオ作品全集\bullet★shooter\manageddxlgame\x64\debug\dxlib_ext_particle.obj
c:\ポートフォリオ作品全集\bullet★shooter\manageddxlgame\x64\debug\dxlib_ext_texture.obj
c:\ポートフォリオ作品全集\bullet★shooter\manageddxlgame\x64\debug\dxlib_ext_data.obj
c:\ポートフォリオ作品全集\bullet★shooter\manageddxlgame\x64\debug\dxlib_ext_camera.obj
c:\ポートフォリオ作品全集\bullet★shooter\manageddxlgame\x64\debug\dxlib_ext.obj
c:\ポートフォリオ作品全集\bullet★shooter\manageddxlgame\x64\debug\dxlib_ext_mesh_triangle_right.obj
c:\ポートフォリオ作品全集\bullet★shooter\manageddxlgame\x64\debug\dxlib_ext_mesh_triangle_isosceles.obj
c:\ポートフォリオ作品全集\bullet★shooter\manageddxlgame\x64\debug\enemyboss_patchouliknowledge.obj
c:\ポートフォリオ作品全集\bullet★shooter\manageddxlgame\x64\debug\enemyboss_moriyasuwako.obj
c:\ポートフォリオ作品全集\bullet★shooter\manageddxlgame\x64\debug\enemyboss_cirno.obj
c:\ポートフォリオ作品全集\bullet★shooter\manageddxlgame\x64\debug\enemybossbase.obj
c:\ポートフォリオ作品全集\bullet★shooter\manageddxlgame\x64\debug\enemybase.obj
c:\ポートフォリオ作品全集\bullet★shooter\manageddxlgame\x64\debug\freelookcamera.obj
c:\ポートフォリオ作品全集\bullet★shooter\manageddxlgame\x64\debug\playerbullet.obj
c:\ポートフォリオ作品全集\bullet★shooter\manageddxlgame\x64\debug\straightbullet.obj
c:\ポートフォリオ作品全集\bullet★shooter\manageddxlgame\x64\debug\homingbullet.obj
c:\ポートフォリオ作品全集\bullet★shooter\manageddxlgame\x64\debug\enemybullet.obj
c:\ポートフォリオ作品全集\bullet★shooter\manageddxlgame\x64\debug\bullethell.obj
c:\ポートフォリオ作品全集\bullet★shooter\manageddxlgame\x64\debug\bulletfactory.obj
c:\ポートフォリオ作品全集\bullet★shooter\manageddxlgame\x64\debug\bullet.obj
c:\ポートフォリオ作品全集\bullet★shooter\manageddxlgame\x64\debug\soundmanager.obj
c:\ポートフォリオ作品全集\bullet★shooter\manageddxlgame\x64\debug\scoremanager.obj
c:\ポートフォリオ作品全集\bullet★shooter\manageddxlgame\x64\debug\scenemanager.obj
c:\ポートフォリオ作品全集\bullet★shooter\manageddxlgame\x64\debug\sceneselectdifficulty.obj
c:\ポートフォリオ作品全集\bullet★shooter\manageddxlgame\x64\debug\sceneresult.obj
c:\ポートフォリオ作品全集\bullet★shooter\manageddxlgame\x64\debug\shiningstar.obj
c:\ポートフォリオ作品全集\bullet★shooter\manageddxlgame\x64\debug\skybox.obj
c:\ポートフォリオ作品全集\bullet★shooter\manageddxlgame\x64\debug\score.obj
c:\ポートフォリオ作品全集\bullet★shooter\manageddxlgame\x64\debug\sceneplay.obj
c:\ポートフォリオ作品全集\bullet★shooter\manageddxlgame\x64\debug\pausemenu.obj
c:\ポートフォリオ作品全集\bullet★shooter\manageddxlgame\x64\debug\scoreitem.obj
c:\ポートフォリオ作品全集\bullet★shooter\manageddxlgame\x64\debug\powerupitem.obj
c:\ポートフォリオ作品全集\bullet★shooter\manageddxlgame\x64\debug\eventnoticetext.obj
c:\ポートフォリオ作品全集\bullet★shooter\manageddxlgame\x64\debug\enemymover.obj
c:\ポートフォリオ作品全集\bullet★shooter\manageddxlgame\x64\debug\collision.obj
c:\ポートフォリオ作品全集\bullet★shooter\manageddxlgame\x64\debug\player.obj
c:\ポートフォリオ作品全集\bullet★shooter\manageddxlgame\x64\debug\enemyzakodome.obj
c:\ポートフォリオ作品全集\bullet★shooter\manageddxlgame\x64\debug\enemyzakocylinder.obj
c:\ポートフォリオ作品全集\bullet★shooter\manageddxlgame\x64\debug\enemyzakobox.obj
c:\ポートフォリオ作品全集\bullet★shooter\manageddxlgame\x64\debug\enemyzakobase.obj
c:\ポートフォリオ作品全集\bullet★shooter\manageddxlgame\x64\debug\bullethellfactory.obj
c:\ポートフォリオ作品全集\bullet★shooter\manageddxlgame\x64\debug\itemmanager.obj
c:\ポートフォリオ作品全集\bullet★shooter\manageddxlgame\x64\debug\tnl_vector3.obj
c:\ポートフォリオ作品全集\bullet★shooter\manageddxlgame\x64\debug\tnl_vector2i.obj
c:\ポートフォリオ作品全集\bullet★shooter\manageddxlgame\x64\debug\tnl_util.obj
c:\ポートフォリオ作品全集\bullet★shooter\manageddxlgame\x64\debug\tnl_seek_unit.obj
c:\ポートフォリオ作品全集\bullet★shooter\manageddxlgame\x64\debug\tnl_quaternion.obj
c:\ポートフォリオ作品全集\bullet★shooter\manageddxlgame\x64\debug\tnl_matrix.obj
c:\ポートフォリオ作品全集\bullet★shooter\manageddxlgame\x64\debug\tnl_math.obj
c:\ポートフォリオ作品全集\bullet★shooter\manageddxlgame\x64\debug\tnl_intersect.obj
c:\ポートフォリオ作品全集\bullet★shooter\manageddxlgame\x64\debug\tnl_instance.obj
c:\ポートフォリオ作品全集\bullet★shooter\manageddxlgame\x64\debug\tnl_input.obj
c:\ポートフォリオ作品全集\bullet★shooter\manageddxlgame\x64\debug\tnl_inclution_owner_locked.obj
c:\ポートフォリオ作品全集\bullet★shooter\manageddxlgame\x64\debug\tnl_font_texture.obj
c:\ポートフォリオ作品全集\bullet★shooter\manageddxlgame\x64\debug\json11.obj
c:\ポートフォリオ作品全集\bullet★shooter\manageddxlgame\x64\debug\gm_main.obj
c:\ポートフォリオ作品全集\bullet★shooter\manageddxlgame\x64\debug\scenetitle.obj
c:\ポートフォリオ作品全集\bullet★shooter\x64\debug\manageddxlgame.exe
c:\ポートフォリオ作品全集\bullet★shooter\manageddxlgame\x64\debug\manageddxlgame.ilk
c:\ポートフォリオ作品全集\bullet★shooter\x64\debug\manageddxlgame.pdb
c:\ポートフォリオ作品全集\bullet★shooter\manageddxlgame\x64\debug\manageddxlgame.res
c:\ポートフォリオ作品全集\bullet★shooter\manageddxlgame\x64\debug\manageddxlgame.tlog\cl.command.1.tlog
c:\ポートフォリオ作品全集\bullet★shooter\manageddxlgame\x64\debug\manageddxlgame.tlog\cl.items.tlog
c:\ポートフォリオ作品全集\bullet★shooter\manageddxlgame\x64\debug\manageddxlgame.tlog\cl.read.1.tlog
c:\ポートフォリオ作品全集\bullet★shooter\manageddxlgame\x64\debug\manageddxlgame.tlog\cl.write.1.tlog
c:\ポートフォリオ作品全集\bullet★shooter\manageddxlgame\x64\debug\manageddxlgame.tlog\link.command.1.tlog
c:\ポートフォリオ作品全集\bullet★shooter\manageddxlgame\x64\debug\manageddxlgame.tlog\link.read.1.tlog
c:\ポートフォリオ作品全集\bullet★shooter\manageddxlgame\x64\debug\manageddxlgame.tlog\link.write.1.tlog
c:\ポートフォリオ作品全集\bullet★shooter\manageddxlgame\x64\debug\manageddxlgame.tlog\rc.command.1.tlog
c:\ポートフォリオ作品全集\bullet★shooter\manageddxlgame\x64\debug\manageddxlgame.tlog\rc.read.1.tlog
c:\ポートフォリオ作品全集\bullet★shooter\manageddxlgame\x64\debug\manageddxlgame.tlog\rc.write.1.tlog
